<?xml version="1.0" encoding="UTF-8"?>
<!-- Generated by org.testng.reporters.JUnitXMLReporter -->
<testsuite ignored="0" hostname="LTIN281412" failures="0" tests="6" name="SmokeTest" time="0.086" errors="0" timestamp="2021-02-18T20:20:05 IST">
  <testcase classname="Hackathon.formFilling" name="@BeforeSuite openBrowser" time="2.144">
    <failure type="org.openqa.selenium.WebDriverException" message="unknown error: Chrome failed to start: crashed.
  (unknown error: DevToolsActivePort file doesn&amp;apos;t exist)
  (The process started from chrome location C:\Users\885585\AppData\Local\Google\Chrome\Application\chrome.exe is no longer running, so ChromeDriver is assuming that Chrome has crashed.)
Build info: version: &amp;apos;3.141.59&amp;apos;, revision: &amp;apos;e82be7d358&amp;apos;, time: &amp;apos;2018-11-14T08:25:48&amp;apos;
System info: host: &amp;apos;LTIN281412&amp;apos;, ip: &amp;apos;192.168.1.4&amp;apos;, os.name: &amp;apos;Windows 10&amp;apos;, os.arch: &amp;apos;amd64&amp;apos;, os.version: &amp;apos;10.0&amp;apos;, java.version: &amp;apos;15.0.2&amp;apos;
Driver info: driver.version: ChromeDriver
remote stacktrace: Backtrace:
	GetHandleVerifier [0x008EB963+483]
	GetHandleVerifier [0x008EB941+449]
	GetHandleVerifier [0x00C93308+3832712]
	GetHandleVerifier [0x00CA9FA6+3926054]
	GetHandleVerifier [0x00CA7D9C+3917340]
	GetHandleVerifier [0x00CCE7FE+4075646]
	GetHandleVerifier [0x00CCE56C+4074988]
	GetHandleVerifier [0x00CCB2EB+4062059]
	GetHandleVerifier [0x00CAED14+3945876]
	GetHandleVerifier [0x00CAFBCE+3949646]
	GetHandleVerifier [0x00CAFB59+3949529]
	Ordinal0 [0x008AB5CC+46540]
	Ordinal0 [0x008A9F53+40787]
	Ordinal0 [0x008A9B12+39698]
	GetHandleVerifier [0x00BB1468+2907368]
	GetHandleVerifier [0x009F71EE+1096302]
	GetHandleVerifier [0x009B3E8D+821005]
	GetHandleVerifier [0x009B396B+819691]
	GetHandleVerifier [0x009B3881+819457]
	GetHandleVerifier [0x009DF463+998627]
	BaseThreadInitThunk [0x75F56359+25]
	RtlGetAppContainerNamedObjectPath [0x77158944+228]
	RtlGetAppContainerNamedObjectPath [0x77158914+180]
">
      <![CDATA[org.openqa.selenium.WebDriverException: unknown error: Chrome failed to start: crashed.
  (unknown error: DevToolsActivePort file doesn't exist)
  (The process started from chrome location C:\Users\885585\AppData\Local\Google\Chrome\Application\chrome.exe is no longer running, so ChromeDriver is assuming that Chrome has crashed.)
Build info: version: '3.141.59', revision: 'e82be7d358', time: '2018-11-14T08:25:48'
System info: host: 'LTIN281412', ip: '192.168.1.4', os.name: 'Windows 10', os.arch: 'amd64', os.version: '10.0', java.version: '15.0.2'
Driver info: driver.version: ChromeDriver
remote stacktrace: Backtrace:
GetHandleVerifier [0x008EB963+483]
GetHandleVerifier [0x008EB941+449]
GetHandleVerifier [0x00C93308+3832712]
GetHandleVerifier [0x00CA9FA6+3926054]
GetHandleVerifier [0x00CA7D9C+3917340]
GetHandleVerifier [0x00CCE7FE+4075646]
GetHandleVerifier [0x00CCE56C+4074988]
GetHandleVerifier [0x00CCB2EB+4062059]
GetHandleVerifier [0x00CAED14+3945876]
GetHandleVerifier [0x00CAFBCE+3949646]
GetHandleVerifier [0x00CAFB59+3949529]
Ordinal0 [0x008AB5CC+46540]
Ordinal0 [0x008A9F53+40787]
Ordinal0 [0x008A9B12+39698]
GetHandleVerifier [0x00BB1468+2907368]
GetHandleVerifier [0x009F71EE+1096302]
GetHandleVerifier [0x009B3E8D+821005]
GetHandleVerifier [0x009B396B+819691]
GetHandleVerifier [0x009B3881+819457]
GetHandleVerifier [0x009DF463+998627]
BaseThreadInitThunk [0x75F56359+25]
RtlGetAppContainerNamedObjectPath [0x77158944+228]
RtlGetAppContainerNamedObjectPath [0x77158914+180]

at org.openqa.selenium.remote.W3CHandshakeResponse.lambda$errorHandler$0(W3CHandshakeResponse.java:62)
at org.openqa.selenium.remote.HandshakeResponse.lambda$getResponseFunction$0(HandshakeResponse.java:30)
at org.openqa.selenium.remote.ProtocolHandshake.lambda$createSession$0(ProtocolHandshake.java:126)
at java.base/java.util.stream.ReferencePipeline$3$1.accept(ReferencePipeline.java:195)
at java.base/java.util.Spliterators$ArraySpliterator.tryAdvance(Spliterators.java:958)
at java.base/java.util.stream.ReferencePipeline.forEachWithCancel(ReferencePipeline.java:127)
at java.base/java.util.stream.AbstractPipeline.copyIntoWithCancel(AbstractPipeline.java:502)
at java.base/java.util.stream.AbstractPipeline.copyInto(AbstractPipeline.java:488)
at java.base/java.util.stream.AbstractPipeline.wrapAndCopyInto(AbstractPipeline.java:474)
at java.base/java.util.stream.FindOps$FindOp.evaluateSequential(FindOps.java:150)
at java.base/java.util.stream.AbstractPipeline.evaluate(AbstractPipeline.java:234)
at java.base/java.util.stream.ReferencePipeline.findFirst(ReferencePipeline.java:543)
at org.openqa.selenium.remote.ProtocolHandshake.createSession(ProtocolHandshake.java:128)
at org.openqa.selenium.remote.ProtocolHandshake.createSession(ProtocolHandshake.java:74)
at org.openqa.selenium.remote.HttpCommandExecutor.execute(HttpCommandExecutor.java:136)
at org.openqa.selenium.remote.service.DriverCommandExecutor.execute(DriverCommandExecutor.java:83)
at org.openqa.selenium.remote.RemoteWebDriver.execute(RemoteWebDriver.java:552)
at org.openqa.selenium.remote.RemoteWebDriver.startSession(RemoteWebDriver.java:213)
at org.openqa.selenium.remote.RemoteWebDriver.<init>(RemoteWebDriver.java:131)
at org.openqa.selenium.chrome.ChromeDriver.<init>(ChromeDriver.java:181)
at org.openqa.selenium.chrome.ChromeDriver.<init>(ChromeDriver.java:168)
at org.openqa.selenium.chrome.ChromeDriver.<init>(ChromeDriver.java:123)
at Hackathon.formFilling.openBrowser(formFilling.java:50)
... Removed 24 stack frames]]>
    </failure>
  </testcase> <!-- @BeforeSuite openBrowser -->
  <testcase classname="Hackathon.IdentifyCourses" name="@BeforeTest openBrowser" time="-1.613659805521E9">
    <skipped/>
  </testcase> <!-- @BeforeTest openBrowser -->
  <testcase classname="Hackathon.IdentifyCourses" name="@AfterTest closeBrowser" time="-1.613659805603E9">
    <skipped/>
  </testcase> <!-- @AfterTest closeBrowser -->
  <testcase classname="Hackathon.IdentifyCourses" name="searchCourse" time="0.0">
    <skipped/>
  </testcase> <!-- searchCourse -->
  <testcase classname="Hackathon.IdentifyCourses" name="selectLanguage" time="0.0">
    <skipped/>
  </testcase> <!-- selectLanguage -->
  <testcase classname="Hackathon.IdentifyCourses" name="selectLevel" time="0.0">
    <skipped/>
  </testcase> <!-- selectLevel -->
  <testcase classname="Hackathon.IdentifyCourses" name="firstCourse" time="0.0">
    <skipped/>
  </testcase> <!-- firstCourse -->
  <testcase classname="Hackathon.IdentifyCourses" name="screenShot" time="0.0">
    <skipped/>
  </testcase> <!-- screenShot -->
  <testcase classname="Hackathon.IdentifyCourses" name="secondCourse" time="0.0">
    <skipped/>
  </testcase> <!-- secondCourse -->
</testsuite> <!-- SmokeTest -->
